<?xml version="1.0" encoding="UTF-8"?>
<testng-results ignored="0" total="1" passed="1" failed="0" skipped="0">
  <reporter-output>
  </reporter-output>
  <suite started-at="2021-04-23T22:18:49 IST" name="Command line suite" finished-at="2021-04-23T22:20:01 IST" duration-ms="72665">
    <groups>
    </groups>
    <test started-at="2021-04-23T22:18:49 IST" name="Command line test" finished-at="2021-04-23T22:20:01 IST" duration-ms="72665">
      <class name="com.TestLaravel.testngMain">
        <test-method signature="verifyTestSuiteName()[pri:0, instance:com.TestLaravel.testngMain@3f5f68b8]" started-at="2021-04-23T22:18:49 IST" name="verifyTestSuiteName" finished-at="2021-04-23T22:20:01 IST" duration-ms="72663" status="PASS">
          <reporter-output>
          </reporter-output>
        </test-method> <!-- verifyTestSuiteName -->
      </class> <!-- com.TestLaravel.testngMain -->
    </test> <!-- Command line test -->
  </suite> <!-- Command line suite -->
</testng-results>
